<?xml version="1.0" encoding="UTF-8"?>
<!-- Generated by org.testng.reporters.JUnitReportReporter -->
<testsuite hostname="DESKTOP-RPDOIFA" failures="0" tests="3" name="TestNG.TestClass1" time="0.041" errors="0" timestamp="2026-08-14T12:40:37 IST" skipped="0">
  <testcase classname="TestNG.TestClass1" name="testMethod2" time="0.002"/>
  <testcase classname="TestNG.TestClass1" name="testMethod3" time="0.003"/>
  <testcase classname="TestNG.TestClass1" name="testMethod1" time="0.036"/>
</testsuite> <!-- TestNG.TestClass1 -->
