<?xml version="1.0" encoding="UTF-8"?>
<!-- Generated by org.testng.reporters.JUnitReportReporter -->
<testsuite hostname="DESKTOP-RPDOIFA" failures="0" tests="1" name="prac.homepageTest.HomePageVerificationTest" time="0.015" errors="0" timestamp="2026-08-21T15:47:45 IST" skipped="0">
  <testcase classname="prac.homepageTest.HomePageVerificationTest" name="homePageTest" time="0.015">
    <system-out>
      <![CDATA[homePageTesttest start
Step-1
Step-2
Step-3
Step-4
homePageTesttest end]]>
    </system-out>
  </testcase> <!-- homePageTest -->
  <system-out>
    <![CDATA[homePageTesttest start
Step-1
Step-2
Step-3
Step-4
homePageTesttest end]]>
  </system-out>
</testsuite> <!-- prac.homepageTest.HomePageVerificationTest -->
