<?xml version="1.0" encoding="UTF-8"?>
<!-- Generated by org.testng.reporters.JUnitReportReporter -->
<testsuite hostname="DESKTOP-RPDOIFA" failures="0" tests="2" name="com.crm.concast.contacttest.CrateContactTest" time="0.020" errors="0" timestamp="2026-08-19T10:41:15 IST" skipped="0">
  <testcase classname="com.crm.concast.contacttest.CrateContactTest" name="createContact" time="0.014"/>
  <testcase classname="com.crm.concast.contacttest.CrateContactTest" name="createContactWithDate" time="0.006"/>
</testsuite> <!-- com.crm.concast.contacttest.CrateContactTest -->
