<?xml version="1.0" encoding="UTF-8"?>
<!-- Generated by org.testng.reporters.JUnitReportReporter -->
<testsuite hostname="DESKTOP-RPDOIFA" failures="0" tests="3" name="TestNG.ContactTest" time="0.008" errors="0" timestamp="2026-08-14T13:07:07 IST" skipped="0">
  <testcase classname="TestNG.ContactTest" name="createContactTest" time="0.006"/>
  <testcase classname="TestNG.ContactTest" name="modifyContactTest" time="0.001"/>
  <testcase classname="TestNG.ContactTest" name="deleteContactTest" time="0.001"/>
</testsuite> <!-- TestNG.ContactTest -->
