<?xml version="1.0" encoding="UTF-8"?>
<!-- Generated by org.testng.reporters.JUnitReportReporter -->
<testsuite hostname="DESKTOP-RPDOIFA" failures="0" tests="2" name="com.crm.concast.orgtest.CreateOrgTest" time="0.006" errors="0" timestamp="2026-08-19T10:41:15 IST" skipped="0">
  <testcase classname="com.crm.concast.orgtest.CreateOrgTest" name="createOrgTest" time="0.002"/>
  <testcase classname="com.crm.concast.orgtest.CreateOrgTest" name="createOrgWithIndustry" time="0.004"/>
</testsuite> <!-- com.crm.concast.orgtest.CreateOrgTest -->
