<?xml version="1.0" encoding="UTF-8"?>
<!-- Generated by org.testng.reporters.JUnitReportReporter -->
<testsuite hostname="DESKTOP-RPDOIFA" failures="0" tests="2" name="crm.orgtest.CreateOrgTest" time="29.969" errors="0" timestamp="2026-08-20T16:25:02 IST" skipped="0">
  <testcase classname="crm.orgtest.CreateOrgTest" name="createOrganizationTest" time="15.571"/>
  <testcase classname="crm.orgtest.CreateOrgTest" name="createOrganizationTest" time="14.398"/>
</testsuite> <!-- crm.orgtest.CreateOrgTest -->
