<?xml version="1.0" encoding="UTF-8"?>
<!-- Generated by org.testng.reporters.JUnitReportReporter -->
<testsuite hostname="DESKTOP-RPDOIFA" failures="0" tests="3" name="TestNG.CreateCintactTest_DP" time="0.014" errors="0" timestamp="2026-08-14T15:39:26 IST" skipped="0">
  <testcase classname="TestNG.CreateCintactTest_DP" name="createContactTest" time="0.004"/>
  <testcase classname="TestNG.CreateCintactTest_DP" name="createContactTest" time="0.002"/>
  <testcase classname="TestNG.CreateCintactTest_DP" name="createContactTest" time="0.008"/>
</testsuite> <!-- TestNG.CreateCintactTest_DP -->
