<?xml version="1.0" encoding="UTF-8"?>
<!-- Generated by org.testng.reporters.JUnitReportReporter -->
<testsuite hostname="DESKTOP-RPDOIFA" failures="0" tests="3" name="TestNG.CreateContactTest_DP" time="0.018" errors="0" timestamp="2026-08-17T11:13:50 IST" skipped="0">
  <testcase classname="TestNG.CreateContactTest_DP" name="createContactTest" time="0.002"/>
  <testcase classname="TestNG.CreateContactTest_DP" name="createContactTest" time="0.002"/>
  <testcase classname="TestNG.CreateContactTest_DP" name="createContactTest" time="0.014"/>
</testsuite> <!-- TestNG.CreateContactTest_DP -->
