<?xml version="1.0" encoding="UTF-8"?>
<!-- Generated by org.testng.reporters.JUnitReportReporter -->
<testsuite hostname="DESKTOP-RPDOIFA" failures="0" tests="2" name="TestNG.GetProductInfoTest3" time="58.614" errors="0" timestamp="2026-08-18T15:12:01 IST" skipped="0">
  <testcase classname="TestNG.GetProductInfoTest3" name="getProductInfoTest2" time="20.160"/>
  <testcase classname="TestNG.GetProductInfoTest3" name="getProductInfoTest2" time="38.454"/>
</testsuite> <!-- TestNG.GetProductInfoTest3 -->
