<?xml version="1.0" encoding="UTF-8"?>
<!-- Generated by org.testng.reporters.JUnitReportReporter -->
<testsuite hostname="DESKTOP-RPDOIFA" failures="0" tests="3" name="TestNG.TestClass2" time="0.029" errors="0" timestamp="2026-07-31T18:23:54 IST" skipped="0">
  <testcase classname="TestNG.TestClass2" name="testMethodA" time="0.006"/>
  <testcase classname="TestNG.TestClass2" name="testMethodC" time="0.020"/>
  <testcase classname="TestNG.TestClass2" name="testMethodB" time="0.003"/>
</testsuite> <!-- TestNG.TestClass2 -->
