<?xml version="1.0" encoding="UTF-8"?>
<!-- Generated by org.testng.reporters.JUnitXMLReporter -->
<testsuite ignored="2" hostname="DESKTOP-RPDOIFA" failures="0" tests="3" name="TestRunner-Chrome" time="54.124" errors="0" timestamp="2026-08-20T16:24:53 IST">
  <testcase classname="crm.orgtest.CreateOrgTest" name="createOrganizationTest" time="10.555"/>
  <testcase classname="crm.contacttest.CreateContactTest" name="createConWithOrgTest" time="15.923"/>
  <testcase classname="crm.contacttest.CreateContactTest" name="createContactTest1" time="5.577"/>
  <testcase classname="com.baseclass.BaseClass" name="@BeforeSuite configBS" time="0.0">
    <ignored/>
  </testcase> <!-- @BeforeSuite configBS -->
  <testcase classname="com.baseclass.BaseClass" name="@AfterSuite configAS" time="0.0">
    <ignored/>
  </testcase> <!-- @AfterSuite configAS -->
</testsuite> <!-- TestRunner-Chrome -->
