<?xml version="1.0" encoding="UTF-8"?>
<!-- Generated by org.testng.reporters.JUnitXMLReporter -->
<testsuite ignored="2" hostname="DESKTOP-RPDOIFA" failures="0" tests="3" name="TestRunner-Firefox" time="63.113" errors="0" timestamp="2026-08-20T16:25:01 IST">
  <testcase classname="crm.orgtest.CreateOrgTest" name="createOrganizationTest" time="6.522"/>
  <testcase classname="crm.contacttest.CreateContactTest" name="createConWithOrgTest" time="11.273"/>
  <testcase classname="crm.contacttest.CreateContactTest" name="createContactTest1" time="4.516"/>
  <testcase classname="com.baseclass.BaseClass" name="@AfterSuite configAS" time="0.0">
    <ignored/>
  </testcase> <!-- @AfterSuite configAS -->
  <testcase classname="com.baseclass.BaseClass" name="@BeforeSuite configBS" time="0.0">
    <ignored/>
  </testcase> <!-- @BeforeSuite configBS -->
</testsuite> <!-- TestRunner-Firefox -->
