<?xml version="1.0" encoding="UTF-8"?>
<!-- Generated by org.testng.reporters.JUnitXMLReporter -->
<testsuite ignored="1" hostname="DESKTOP-RPDOIFA" failures="0" tests="1" name="Test" time="16.831" errors="0" timestamp="2026-08-25T12:56:38 IST">
  <testcase classname="crm.contacttest.CreateContactTest" name="createContactTest1" time="5.376"/>
  <testcase classname="crm.contacttest.CreateContactTest" name="createConWithOrgTest" time="0.0">
    <ignored/>
  </testcase> <!-- createConWithOrgTest -->
</testsuite> <!-- Test -->
